[debug] [2021-06-15T15:04:16.523Z] ----------------------------------------------------------------------
[debug] [2021-06-15T15:04:16.525Z] Command:       C:\Program Files\nodejs\node.exe C:\Program Files\nodejs\node_modules\firebase-tools\lib\bin\firebase.js emulators:start
[debug] [2021-06-15T15:04:16.526Z] CLI Version:   9.12.1
[debug] [2021-06-15T15:04:16.526Z] Platform:      win32
[debug] [2021-06-15T15:04:16.526Z] Node Version:  v14.17.0
[debug] [2021-06-15T15:04:16.527Z] Time:          Tue Jun 15 2021 20:34:16 GMT+0530 (India Standard Time)
[debug] [2021-06-15T15:04:16.527Z] ----------------------------------------------------------------------
[debug] 
[debug] [2021-06-15T15:04:16.530Z] >>> [apiv2][query] GET https://firebase-public.firebaseio.com/cli.json [none]
[debug] [2021-06-15T15:04:16.564Z] > command requires scopes: ["email","openid","https://www.googleapis.com/auth/cloudplatformprojects.readonly","https://www.googleapis.com/auth/firebase","https://www.googleapis.com/auth/cloud-platform"]
[debug] [2021-06-15T15:04:16.564Z] > authorizing via signed-in user (spameshkulkarni@gmail.com)
[info] i  emulators: Starting emulators: functions, hosting {"metadata":{"emulator":{"name":"hub"},"message":"Starting emulators: functions, hosting"}}
[debug] [2021-06-15T15:04:16.585Z] [hub] writing locator at C:\Users\paneg\AppData\Local\Temp\hub-softwaresecurityproject-88f88.json
[warn] !  functions: The following emulators are not running, calls to these services from the Functions emulator will affect production: auth, firestore, database, pubsub, storage {"metadata":{"emulator":{"name":"functions"},"message":"The following emulators are not running, calls to these services from the Functions emulator will affect production: \u001b[1mauth, firestore, database, pubsub, storage\u001b[22m"}}
[info] +  functions: Using node@14 from host. {"metadata":{"emulator":{"name":"functions"},"message":"Using node@14 from host."}}
[debug] [2021-06-15T15:04:16.602Z] defaultcredentials: writing to file C:\Users\paneg\AppData\Roaming\firebase\spameshkulkarni_gmail_com_application_default_credentials.json
[debug] [2021-06-15T15:04:16.604Z] Setting GAC to C:\Users\paneg\AppData\Roaming\firebase\spameshkulkarni_gmail_com_application_default_credentials.json {"metadata":{"emulator":{"name":"functions"},"message":"Setting GAC to C:\\Users\\paneg\\AppData\\Roaming\\firebase\\spameshkulkarni_gmail_com_application_default_credentials.json"}}
[debug] [2021-06-15T15:04:16.605Z] > refreshing access token with scopes: []
[debug] [2021-06-15T15:04:16.606Z] >>> HTTP REQUEST POST https://www.googleapis.com/oauth2/v3/token  
 <request body omitted>
[debug] [2021-06-15T15:04:16.794Z] <<< HTTP RESPONSE 200 {"expires":"Mon, 01 Jan 1990 00:00:00 GMT","cache-control":"no-cache, no-store, max-age=0, must-revalidate","date":"Tue, 15 Jun 2021 15:04:18 GMT","pragma":"no-cache","content-type":"application/json; charset=utf-8","vary":"X-Origin, Referer, Origin,Accept-Encoding","server":"scaffolding on HTTPServer2","x-xss-protection":"0","x-frame-options":"SAMEORIGIN","x-content-type-options":"nosniff","alt-svc":"h3=\":443\"; ma=2592000,h3-29=\":443\"; ma=2592000,h3-T051=\":443\"; ma=2592000,h3-Q050=\":443\"; ma=2592000,h3-Q046=\":443\"; ma=2592000,h3-Q043=\":443\"; ma=2592000,quic=\":443\"; ma=2592000; v=\"46,43\"","accept-ranges":"none","transfer-encoding":"chunked"}
[debug] [2021-06-15T15:04:16.809Z] >>> [apiv2][query] GET https://firebase.googleapis.com/v1beta1/projects/softwaresecurityproject-88f88/adminSdkConfig [none]
[debug] [2021-06-15T15:04:17.405Z] <<< [apiv2][status] GET https://firebase-public.firebaseio.com/cli.json 200
[debug] [2021-06-15T15:04:17.405Z] <<< [apiv2][body] GET https://firebase-public.firebaseio.com/cli.json {"cloudBuildErrorAfter":1594252800000,"cloudBuildWarnAfter":1590019200000,"defaultNode10After":1594252800000,"minVersion":"3.0.5","node8DeploysDisabledAfter":1613390400000,"node8RuntimeDisabledAfter":1615809600000,"node8WarnAfter":1600128000000}
[debug] [2021-06-15T15:04:17.451Z] <<< [apiv2][status] GET https://firebase.googleapis.com/v1beta1/projects/softwaresecurityproject-88f88/adminSdkConfig 200
[debug] [2021-06-15T15:04:17.451Z] <<< [apiv2][body] GET https://firebase.googleapis.com/v1beta1/projects/softwaresecurityproject-88f88/adminSdkConfig {"projectId":"softwaresecurityproject-88f88","storageBucket":"softwaresecurityproject-88f88.appspot.com","locationId":"us-central"}
[debug] [2021-06-15T15:04:17.464Z] >>> [apiv2][query] GET https://firebasehosting.googleapis.com/v1beta1/projects/softwaresecurityproject-88f88/sites 
[debug] [2021-06-15T15:04:19.135Z] <<< [apiv2][status] GET https://firebasehosting.googleapis.com/v1beta1/projects/softwaresecurityproject-88f88/sites 200
[debug] [2021-06-15T15:04:19.136Z] <<< [apiv2][body] GET https://firebasehosting.googleapis.com/v1beta1/projects/softwaresecurityproject-88f88/sites {"sites":[{"name":"projects/972274703831/sites/softwaresecurityproject-88f88","defaultUrl":"https://softwaresecurityproject-88f88.web.app","appId":"1:972274703831:web:9ff847896023649d413f92","type":"DEFAULT_SITE"}]}
[debug] [2021-06-15T15:04:19.136Z] >>> [apiv2][query] GET https://firebase.googleapis.com/v1beta1/projects/softwaresecurityproject-88f88/webApps/1:972274703831:web:9ff847896023649d413f92/config [none]
[debug] [2021-06-15T15:04:20.575Z] <<< [apiv2][status] GET https://firebase.googleapis.com/v1beta1/projects/softwaresecurityproject-88f88/webApps/1:972274703831:web:9ff847896023649d413f92/config 200
[debug] [2021-06-15T15:04:20.576Z] <<< [apiv2][body] GET https://firebase.googleapis.com/v1beta1/projects/softwaresecurityproject-88f88/webApps/1:972274703831:web:9ff847896023649d413f92/config {"projectId":"softwaresecurityproject-88f88","appId":"1:972274703831:web:9ff847896023649d413f92","storageBucket":"softwaresecurityproject-88f88.appspot.com","locationId":"us-central","apiKey":"AIzaSyCO7tPw2CL5JTT8Jg46EUti5B1NBvON2G4","authDomain":"softwaresecurityproject-88f88.firebaseapp.com","messagingSenderId":"972274703831","measurementId":"G-2NVJCJMEPJ"}
[info] i  hosting: Serving hosting files from: build {"metadata":{"emulator":{"name":"hosting"},"message":"Serving hosting files from: \u001b[1mbuild\u001b[22m"}}
[info] +  hosting: Local server: http://localhost:5000 {"metadata":{"emulator":{"name":"hosting"},"message":"Local server: \u001b[4m\u001b[1mhttp://localhost:5000\u001b[22m\u001b[24m"}}
[debug] [2021-06-15T15:04:20.619Z] Ignoring unsupported arg: auto_download {"metadata":{"emulator":{"name":"ui"},"message":"Ignoring unsupported arg: auto_download"}}
[debug] [2021-06-15T15:04:20.619Z] Ignoring unsupported arg: port {"metadata":{"emulator":{"name":"ui"},"message":"Ignoring unsupported arg: port"}}
[debug] [2021-06-15T15:04:20.620Z] Starting Emulator UI with command {"binary":"node","args":["C:\\Users\\paneg\\.cache\\firebase\\emulators\\ui-v1.5.0\\server.bundle.js"],"optionalArgs":[],"joinArgs":false} {"metadata":{"emulator":{"name":"ui"},"message":"Starting Emulator UI with command {\"binary\":\"node\",\"args\":[\"C:\\\\Users\\\\paneg\\\\.cache\\\\firebase\\\\emulators\\\\ui-v1.5.0\\\\server.bundle.js\"],\"optionalArgs\":[],\"joinArgs\":false}"}}
[info] i  ui: Emulator UI logging to ui-debug.log {"metadata":{"emulator":{"name":"ui"},"message":"Emulator UI logging to \u001b[1mui-debug.log\u001b[22m"}}
[debug] [2021-06-15T15:04:20.775Z] Web / API server started at http://localhost:4000
 {"metadata":{"emulator":{"name":"ui"},"message":"Web / API server started at http://localhost:4000\n"}}
[info] i  functions: Watching "D:\React Apps\softwarepiracy\functions" for Cloud Functions... {"metadata":{"emulator":{"name":"functions"},"message":"Watching \"D:\\React Apps\\softwarepiracy\\functions\" for Cloud Functions..."}}
[debug] [2021-06-15T15:04:20.922Z] [worker-pool] addWorker(~diagnostic~) {"metadata":{"emulator":{"name":"functions"},"message":"[worker-pool] addWorker(~diagnostic~)"}}
[debug] [2021-06-15T15:04:20.923Z] [worker-pool] Adding worker with key ~diagnostic~, total=1 {"metadata":{"emulator":{"name":"functions"},"message":"[worker-pool] Adding worker with key ~diagnostic~, total=1"}}
[debug] [2021-06-15T15:04:20.923Z] [worker-pool] submitWork(triggerId=) {"metadata":{"emulator":{"name":"functions"},"message":"[worker-pool] submitWork(triggerId=)"}}
[debug] [2021-06-15T15:04:20.923Z] [worker-~diagnostic~-3ac4118c-218b-44f9-8bce-fed181a87dbe]: Assigning socketPath: \\?\pipe\D:\React Apps\softwarepiracy\functions\11904 {"metadata":{"emulator":{"name":"functions"},"message":"[worker-~diagnostic~-3ac4118c-218b-44f9-8bce-fed181a87dbe]: Assigning socketPath: \\\\?\\pipe\\D:\\React Apps\\softwarepiracy\\functions\\11904"}}
[debug] [2021-06-15T15:04:20.924Z] [worker-~diagnostic~-3ac4118c-218b-44f9-8bce-fed181a87dbe]: BUSY {"metadata":{"emulator":{"name":"functions"},"message":"[worker-~diagnostic~-3ac4118c-218b-44f9-8bce-fed181a87dbe]: BUSY"}}
[debug] [2021-06-15T15:04:21.190Z] [runtime-status] [11904] Functions runtime initialized. {"cwd":"D:\\React Apps\\softwarepiracy\\functions","node_version":"14.17.0"} {"metadata":{"emulator":{"name":"functions"},"message":"[runtime-status] [11904] Functions runtime initialized. {\"cwd\":\"D:\\\\React Apps\\\\softwarepiracy\\\\functions\",\"node_version\":\"14.17.0\"}"}}
[debug] [2021-06-15T15:04:21.191Z] [runtime-status] [11904] Disabled runtime features: undefined {"metadata":{"emulator":{"name":"functions"},"message":"[runtime-status] [11904] Disabled runtime features: undefined"}}
[debug] [2021-06-15T15:04:21.273Z] [runtime-status] [11904] Resolved module firebase-admin {"declared":true,"installed":true,"version":"9.9.0","resolution":"D:\\React Apps\\softwarepiracy\\functions\\node_modules\\firebase-admin\\lib\\index.js"} {"metadata":{"emulator":{"name":"functions"},"message":"[runtime-status] [11904] Resolved module firebase-admin {\"declared\":true,\"installed\":true,\"version\":\"9.9.0\",\"resolution\":\"D:\\\\React Apps\\\\softwarepiracy\\\\functions\\\\node_modules\\\\firebase-admin\\\\lib\\\\index.js\"}"}}
[debug] [2021-06-15T15:04:21.410Z] [runtime-status] [11904] Resolved module firebase-functions {"declared":true,"installed":true,"version":"3.14.1","resolution":"D:\\React Apps\\softwarepiracy\\functions\\node_modules\\firebase-functions\\lib\\index.js"} {"metadata":{"emulator":{"name":"functions"},"message":"[runtime-status] [11904] Resolved module firebase-functions {\"declared\":true,\"installed\":true,\"version\":\"3.14.1\",\"resolution\":\"D:\\\\React Apps\\\\softwarepiracy\\\\functions\\\\node_modules\\\\firebase-functions\\\\lib\\\\index.js\"}"}}
[debug] [2021-06-15T15:04:21.413Z] [runtime-status] [11904] Resolved module firebase-functions {"declared":true,"installed":true,"version":"3.14.1","resolution":"D:\\React Apps\\softwarepiracy\\functions\\node_modules\\firebase-functions\\lib\\index.js"} {"metadata":{"emulator":{"name":"functions"},"message":"[runtime-status] [11904] Resolved module firebase-functions {\"declared\":true,\"installed\":true,\"version\":\"3.14.1\",\"resolution\":\"D:\\\\React Apps\\\\softwarepiracy\\\\functions\\\\node_modules\\\\firebase-functions\\\\lib\\\\index.js\"}"}}
[debug] [2021-06-15T15:04:21.416Z] [runtime-status] [11904] Outgoing network have been stubbed. [{"name":"http","status":"mocked"},{"name":"http","status":"mocked"},{"name":"https","status":"mocked"},{"name":"https","status":"mocked"},{"name":"net","status":"mocked"}] {"metadata":{"emulator":{"name":"functions"},"message":"[runtime-status] [11904] Outgoing network have been stubbed. [{\"name\":\"http\",\"status\":\"mocked\"},{\"name\":\"http\",\"status\":\"mocked\"},{\"name\":\"https\",\"status\":\"mocked\"},{\"name\":\"https\",\"status\":\"mocked\"},{\"name\":\"net\",\"status\":\"mocked\"}]"}}
[debug] [2021-06-15T15:04:21.417Z] [runtime-status] [11904] Resolved module firebase-functions {"declared":true,"installed":true,"version":"3.14.1","resolution":"D:\\React Apps\\softwarepiracy\\functions\\node_modules\\firebase-functions\\lib\\index.js"} {"metadata":{"emulator":{"name":"functions"},"message":"[runtime-status] [11904] Resolved module firebase-functions {\"declared\":true,\"installed\":true,\"version\":\"3.14.1\",\"resolution\":\"D:\\\\React Apps\\\\softwarepiracy\\\\functions\\\\node_modules\\\\firebase-functions\\\\lib\\\\index.js\"}"}}
[debug] [2021-06-15T15:04:21.899Z] [runtime-status] [11904] Checked functions.config() {"config":{}} {"metadata":{"emulator":{"name":"functions"},"message":"[runtime-status] [11904] Checked functions.config() {\"config\":{}}"}}
[debug] [2021-06-15T15:04:21.899Z] [runtime-status] [11904] firebase-functions has been stubbed. {"functionsResolution":{"declared":true,"installed":true,"version":"3.14.1","resolution":"D:\\React Apps\\softwarepiracy\\functions\\node_modules\\firebase-functions\\lib\\index.js"}} {"metadata":{"emulator":{"name":"functions"},"message":"[runtime-status] [11904] firebase-functions has been stubbed. {\"functionsResolution\":{\"declared\":true,\"installed\":true,\"version\":\"3.14.1\",\"resolution\":\"D:\\\\React Apps\\\\softwarepiracy\\\\functions\\\\node_modules\\\\firebase-functions\\\\lib\\\\index.js\"}}"}}
[debug] [2021-06-15T15:04:21.900Z] [runtime-status] [11904] Resolved module firebase-functions {"declared":true,"installed":true,"version":"3.14.1","resolution":"D:\\React Apps\\softwarepiracy\\functions\\node_modules\\firebase-functions\\lib\\index.js"} {"metadata":{"emulator":{"name":"functions"},"message":"[runtime-status] [11904] Resolved module firebase-functions {\"declared\":true,\"installed\":true,\"version\":\"3.14.1\",\"resolution\":\"D:\\\\React Apps\\\\softwarepiracy\\\\functions\\\\node_modules\\\\firebase-functions\\\\lib\\\\index.js\"}"}}
[debug] [2021-06-15T15:04:21.903Z] [runtime-status] [11904] Resolved module firebase-admin {"declared":true,"installed":true,"version":"9.9.0","resolution":"D:\\React Apps\\softwarepiracy\\functions\\node_modules\\firebase-admin\\lib\\index.js"} {"metadata":{"emulator":{"name":"functions"},"message":"[runtime-status] [11904] Resolved module firebase-admin {\"declared\":true,\"installed\":true,\"version\":\"9.9.0\",\"resolution\":\"D:\\\\React Apps\\\\softwarepiracy\\\\functions\\\\node_modules\\\\firebase-admin\\\\lib\\\\index.js\"}"}}
[debug] [2021-06-15T15:04:21.904Z] [runtime-status] [11904] Resolved module firebase-functions {"declared":true,"installed":true,"version":"3.14.1","resolution":"D:\\React Apps\\softwarepiracy\\functions\\node_modules\\firebase-functions\\lib\\index.js"} {"metadata":{"emulator":{"name":"functions"},"message":"[runtime-status] [11904] Resolved module firebase-functions {\"declared\":true,\"installed\":true,\"version\":\"3.14.1\",\"resolution\":\"D:\\\\React Apps\\\\softwarepiracy\\\\functions\\\\node_modules\\\\firebase-functions\\\\lib\\\\index.js\"}"}}
[debug] [2021-06-15T15:04:21.904Z] [runtime-status] [11904] firebase-admin has been stubbed. {"adminResolution":{"declared":true,"installed":true,"version":"9.9.0","resolution":"D:\\React Apps\\softwarepiracy\\functions\\node_modules\\firebase-admin\\lib\\index.js"}} {"metadata":{"emulator":{"name":"functions"},"message":"[runtime-status] [11904] firebase-admin has been stubbed. {\"adminResolution\":{\"declared\":true,\"installed\":true,\"version\":\"9.9.0\",\"resolution\":\"D:\\\\React Apps\\\\softwarepiracy\\\\functions\\\\node_modules\\\\firebase-admin\\\\lib\\\\index.js\"}}"}}
[info] +  functions[us-central1-api]: http function initialized (http://localhost:5001/softwaresecurityproject-88f88/us-central1/api). {"metadata":{"emulator":{"name":"functions"},"message":"\u001b[1mhttp\u001b[22m function initialized (http://localhost:5001/softwaresecurityproject-88f88/us-central1/api)."}}
[info] 
┌─────────────────────────────────────────────────────────────┐
│ ✔  All emulators ready! It is now safe to connect your app. │
│ i  View Emulator UI at http://localhost:4000                │
└─────────────────────────────────────────────────────────────┘

┌───────────┬────────────────┬─────────────────────────────────┐
│ Emulator  │ Host:Port      │ View in Emulator UI             │
├───────────┼────────────────┼─────────────────────────────────┤
│ Functions │ localhost:5001 │ http://localhost:4000/functions │
├───────────┼────────────────┼─────────────────────────────────┤
│ Hosting   │ localhost:5000 │ n/a                             │
└───────────┴────────────────┴─────────────────────────────────┘
  Emulator Hub running at localhost:4400
  Other reserved ports: 4500

Issues? Report them at https://github.com/firebase/firebase-tools/issues and attach the *-debug.log files.
 
[debug] [2021-06-15T15:04:22.299Z] [worker-~diagnostic~-3ac4118c-218b-44f9-8bce-fed181a87dbe]: IDLE {"metadata":{"emulator":{"name":"functions"},"message":"[worker-~diagnostic~-3ac4118c-218b-44f9-8bce-fed181a87dbe]: IDLE"}}
[debug] [2021-06-15T15:14:46.719Z] [work-queue] {"queueLength":1,"workRunningCount":0}
[debug] [2021-06-15T15:14:46.723Z] [work-queue] {"queueLength":0,"workRunningCount":1}
[debug] [2021-06-15T15:14:46.723Z] Accepted request POST /softwaresecurityproject-88f88/us-central1/api/payments/create?total=20000 --> us-central1-api
[debug] [2021-06-15T15:14:46.737Z] [worker-pool] addWorker(us-central1-api) {"metadata":{"emulator":{"name":"functions"},"message":"[worker-pool] addWorker(us-central1-api)"}}
[debug] [2021-06-15T15:14:46.738Z] [worker-pool] Adding worker with key us-central1-api, total=1 {"metadata":{"emulator":{"name":"functions"},"message":"[worker-pool] Adding worker with key us-central1-api, total=1"}}
[debug] [2021-06-15T15:14:46.738Z] [worker-pool] submitWork(triggerId=us-central1-api) {"metadata":{"emulator":{"name":"functions"},"message":"[worker-pool] submitWork(triggerId=us-central1-api)"}}
[debug] [2021-06-15T15:14:46.738Z] [worker-us-central1-api-6ee5d102-d67e-435e-9f38-6c5c6570722a]: Assigning socketPath: \\?\pipe\D:\React Apps\softwarepiracy\functions\10008 {"metadata":{"emulator":{"name":"functions"},"message":"[worker-us-central1-api-6ee5d102-d67e-435e-9f38-6c5c6570722a]: Assigning socketPath: \\\\?\\pipe\\D:\\React Apps\\softwarepiracy\\functions\\10008"}}
[debug] [2021-06-15T15:14:46.739Z] [worker-us-central1-api-6ee5d102-d67e-435e-9f38-6c5c6570722a]: BUSY {"metadata":{"emulator":{"name":"functions"},"message":"[worker-us-central1-api-6ee5d102-d67e-435e-9f38-6c5c6570722a]: BUSY"}}
[debug] [2021-06-15T15:14:47.010Z] [runtime-status] [10008] Functions runtime initialized. {"cwd":"D:\\React Apps\\softwarepiracy\\functions","node_version":"14.17.0"} {"metadata":{"emulator":{"name":"functions"},"function":{"name":"us-central1-api"},"message":"[runtime-status] [10008] Functions runtime initialized. {\"cwd\":\"D:\\\\React Apps\\\\softwarepiracy\\\\functions\",\"node_version\":\"14.17.0\"}"}}
[debug] [2021-06-15T15:14:47.011Z] [runtime-status] [10008] Disabled runtime features: undefined {"metadata":{"emulator":{"name":"functions"},"function":{"name":"us-central1-api"},"message":"[runtime-status] [10008] Disabled runtime features: undefined"}}
[debug] [2021-06-15T15:14:47.018Z] [runtime-status] [10008] Resolved module firebase-admin {"declared":true,"installed":true,"version":"9.9.0","resolution":"D:\\React Apps\\softwarepiracy\\functions\\node_modules\\firebase-admin\\lib\\index.js"} {"metadata":{"emulator":{"name":"functions"},"function":{"name":"us-central1-api"},"message":"[runtime-status] [10008] Resolved module firebase-admin {\"declared\":true,\"installed\":true,\"version\":\"9.9.0\",\"resolution\":\"D:\\\\React Apps\\\\softwarepiracy\\\\functions\\\\node_modules\\\\firebase-admin\\\\lib\\\\index.js\"}"}}
[debug] [2021-06-15T15:14:47.023Z] [runtime-status] [10008] Resolved module firebase-functions {"declared":true,"installed":true,"version":"3.14.1","resolution":"D:\\React Apps\\softwarepiracy\\functions\\node_modules\\firebase-functions\\lib\\index.js"} {"metadata":{"emulator":{"name":"functions"},"function":{"name":"us-central1-api"},"message":"[runtime-status] [10008] Resolved module firebase-functions {\"declared\":true,\"installed\":true,\"version\":\"3.14.1\",\"resolution\":\"D:\\\\React Apps\\\\softwarepiracy\\\\functions\\\\node_modules\\\\firebase-functions\\\\lib\\\\index.js\"}"}}
[debug] [2021-06-15T15:14:47.025Z] [runtime-status] [10008] Resolved module firebase-functions {"declared":true,"installed":true,"version":"3.14.1","resolution":"D:\\React Apps\\softwarepiracy\\functions\\node_modules\\firebase-functions\\lib\\index.js"} {"metadata":{"emulator":{"name":"functions"},"function":{"name":"us-central1-api"},"message":"[runtime-status] [10008] Resolved module firebase-functions {\"declared\":true,\"installed\":true,\"version\":\"3.14.1\",\"resolution\":\"D:\\\\React Apps\\\\softwarepiracy\\\\functions\\\\node_modules\\\\firebase-functions\\\\lib\\\\index.js\"}"}}
[debug] [2021-06-15T15:14:47.028Z] [runtime-status] [10008] Outgoing network have been stubbed. [{"name":"http","status":"mocked"},{"name":"http","status":"mocked"},{"name":"https","status":"mocked"},{"name":"https","status":"mocked"},{"name":"net","status":"mocked"}] {"metadata":{"emulator":{"name":"functions"},"function":{"name":"us-central1-api"},"message":"[runtime-status] [10008] Outgoing network have been stubbed. [{\"name\":\"http\",\"status\":\"mocked\"},{\"name\":\"http\",\"status\":\"mocked\"},{\"name\":\"https\",\"status\":\"mocked\"},{\"name\":\"https\",\"status\":\"mocked\"},{\"name\":\"net\",\"status\":\"mocked\"}]"}}
[debug] [2021-06-15T15:14:47.028Z] [runtime-status] [10008] Resolved module firebase-functions {"declared":true,"installed":true,"version":"3.14.1","resolution":"D:\\React Apps\\softwarepiracy\\functions\\node_modules\\firebase-functions\\lib\\index.js"} {"metadata":{"emulator":{"name":"functions"},"function":{"name":"us-central1-api"},"message":"[runtime-status] [10008] Resolved module firebase-functions {\"declared\":true,\"installed\":true,\"version\":\"3.14.1\",\"resolution\":\"D:\\\\React Apps\\\\softwarepiracy\\\\functions\\\\node_modules\\\\firebase-functions\\\\lib\\\\index.js\"}"}}
[debug] [2021-06-15T15:14:47.112Z] [runtime-status] [10008] Checked functions.config() {"config":{}} {"metadata":{"emulator":{"name":"functions"},"function":{"name":"us-central1-api"},"message":"[runtime-status] [10008] Checked functions.config() {\"config\":{}}"}}
[debug] [2021-06-15T15:14:47.112Z] [runtime-status] [10008] firebase-functions has been stubbed. {"functionsResolution":{"declared":true,"installed":true,"version":"3.14.1","resolution":"D:\\React Apps\\softwarepiracy\\functions\\node_modules\\firebase-functions\\lib\\index.js"}} {"metadata":{"emulator":{"name":"functions"},"function":{"name":"us-central1-api"},"message":"[runtime-status] [10008] firebase-functions has been stubbed. {\"functionsResolution\":{\"declared\":true,\"installed\":true,\"version\":\"3.14.1\",\"resolution\":\"D:\\\\React Apps\\\\softwarepiracy\\\\functions\\\\node_modules\\\\firebase-functions\\\\lib\\\\index.js\"}}"}}
[debug] [2021-06-15T15:14:47.113Z] [runtime-status] [10008] Resolved module firebase-functions {"declared":true,"installed":true,"version":"3.14.1","resolution":"D:\\React Apps\\softwarepiracy\\functions\\node_modules\\firebase-functions\\lib\\index.js"} {"metadata":{"emulator":{"name":"functions"},"function":{"name":"us-central1-api"},"message":"[runtime-status] [10008] Resolved module firebase-functions {\"declared\":true,\"installed\":true,\"version\":\"3.14.1\",\"resolution\":\"D:\\\\React Apps\\\\softwarepiracy\\\\functions\\\\node_modules\\\\firebase-functions\\\\lib\\\\index.js\"}"}}
[debug] [2021-06-15T15:14:47.114Z] [runtime-status] [10008] Resolved module firebase-admin {"declared":true,"installed":true,"version":"9.9.0","resolution":"D:\\React Apps\\softwarepiracy\\functions\\node_modules\\firebase-admin\\lib\\index.js"} {"metadata":{"emulator":{"name":"functions"},"function":{"name":"us-central1-api"},"message":"[runtime-status] [10008] Resolved module firebase-admin {\"declared\":true,\"installed\":true,\"version\":\"9.9.0\",\"resolution\":\"D:\\\\React Apps\\\\softwarepiracy\\\\functions\\\\node_modules\\\\firebase-admin\\\\lib\\\\index.js\"}"}}
[debug] [2021-06-15T15:14:47.115Z] [runtime-status] [10008] Resolved module firebase-functions {"declared":true,"installed":true,"version":"3.14.1","resolution":"D:\\React Apps\\softwarepiracy\\functions\\node_modules\\firebase-functions\\lib\\index.js"} {"metadata":{"emulator":{"name":"functions"},"function":{"name":"us-central1-api"},"message":"[runtime-status] [10008] Resolved module firebase-functions {\"declared\":true,\"installed\":true,\"version\":\"3.14.1\",\"resolution\":\"D:\\\\React Apps\\\\softwarepiracy\\\\functions\\\\node_modules\\\\firebase-functions\\\\lib\\\\index.js\"}"}}
[debug] [2021-06-15T15:14:47.115Z] [runtime-status] [10008] firebase-admin has been stubbed. {"adminResolution":{"declared":true,"installed":true,"version":"9.9.0","resolution":"D:\\React Apps\\softwarepiracy\\functions\\node_modules\\firebase-admin\\lib\\index.js"}} {"metadata":{"emulator":{"name":"functions"},"function":{"name":"us-central1-api"},"message":"[runtime-status] [10008] firebase-admin has been stubbed. {\"adminResolution\":{\"declared\":true,\"installed\":true,\"version\":\"9.9.0\",\"resolution\":\"D:\\\\React Apps\\\\softwarepiracy\\\\functions\\\\node_modules\\\\firebase-admin\\\\lib\\\\index.js\"}}"}}
[debug] [2021-06-15T15:14:47.509Z] [runtime-status] [10008] Trigger "us-central1-api" has been found, beginning invocation! {"metadata":{"emulator":{"name":"functions"},"function":{"name":"us-central1-api"},"message":"[runtime-status] [10008] Trigger \"us-central1-api\" has been found, beginning invocation!"}}
[info] i  functions: Beginning execution of "us-central1-api" {"metadata":{"emulator":{"name":"functions"},"function":{"name":"us-central1-api"},"message":"Beginning execution of \"us-central1-api\""}}
[debug] [2021-06-15T15:14:47.512Z] [runtime-status] [10008] triggerDefinition {"httpsTrigger":{},"name":"api","entryPoint":"api","regions":["us-central1"],"region":"us-central1","id":"us-central1-api"} {"metadata":{"emulator":{"name":"functions"},"function":{"name":"us-central1-api"},"message":"[runtime-status] [10008] triggerDefinition {\"httpsTrigger\":{},\"name\":\"api\",\"entryPoint\":\"api\",\"regions\":[\"us-central1\"],\"region\":\"us-central1\",\"id\":\"us-central1-api\"}"}}
[debug] [2021-06-15T15:14:47.512Z] [runtime-status] [10008] Running us-central1-api in mode HTTPS {"metadata":{"emulator":{"name":"functions"},"function":{"name":"us-central1-api"},"message":"[runtime-status] [10008] Running us-central1-api in mode HTTPS"}}
[debug] [2021-06-15T15:14:47.516Z] [runtime-status] [10008] Attempting to listen to socketPath: \\?\pipe\D:\React Apps\softwarepiracy\functions\10008 {"metadata":{"emulator":{"name":"functions"},"function":{"name":"us-central1-api"},"message":"[runtime-status] [10008] Attempting to listen to socketPath: \\\\?\\pipe\\D:\\React Apps\\softwarepiracy\\functions\\10008"}}
[debug] [2021-06-15T15:14:47.521Z] [functions] Runtime ready! Sending request! {"metadata":{"emulator":{"name":"functions"},"message":"[functions] Runtime ready! Sending request!"}}
[debug] [2021-06-15T15:14:47.523Z] [functions] Got req.url=/softwaresecurityproject-88f88/us-central1/api/payments/create?total=20000, mapping to path=/payments/create?total=20000 {"metadata":{"emulator":{"name":"functions"},"message":"[functions] Got req.url=/softwaresecurityproject-88f88/us-central1/api/payments/create?total=20000, mapping to path=/payments/create?total=20000"}}
[debug] [2021-06-15T15:14:47.533Z] [runtime-status] [10008] Ephemeral server handling POST request {"metadata":{"emulator":{"name":"functions"},"function":{"name":"us-central1-api"},"message":"[runtime-status] [10008] Ephemeral server handling POST request"}}
[info] >  Payment Request Recieved BOOM!!! for this amount >>>  20000 {"user":"Payment Request Recieved BOOM!!! for this amount >>>  20000","metadata":{"emulator":{"name":"functions"},"function":{"name":"us-central1-api"},"message":"\u001b[90m> \u001b[39m Payment Request Recieved BOOM!!! for this amount >>>  20000"}}
[debug] [2021-06-15T15:14:47.552Z] [runtime-status] [10008] Ephemeral server survived. {"metadata":{"emulator":{"name":"functions"},"function":{"name":"us-central1-api"},"message":"[runtime-status] [10008] Ephemeral server survived."}}
[info] i  functions: Finished "us-central1-api" in ~1s {"metadata":{"emulator":{"name":"functions"},"function":{"name":"us-central1-api"},"message":"Finished \"us-central1-api\" in ~1s"}}
[debug] [2021-06-15T15:14:48.147Z] [worker-us-central1-api-6ee5d102-d67e-435e-9f38-6c5c6570722a]: IDLE {"metadata":{"emulator":{"name":"functions"},"message":"[worker-us-central1-api-6ee5d102-d67e-435e-9f38-6c5c6570722a]: IDLE"}}
[debug] [2021-06-15T15:14:48.147Z] [work-queue] {"queueLength":0,"workRunningCount":0}
[debug] [2021-06-15T15:14:56.910Z] [work-queue] {"queueLength":1,"workRunningCount":0}
[debug] [2021-06-15T15:14:56.910Z] [work-queue] {"queueLength":0,"workRunningCount":1}
[debug] [2021-06-15T15:14:56.910Z] Accepted request POST /softwaresecurityproject-88f88/us-central1/api/payments/create?total=10000 --> us-central1-api
[debug] [2021-06-15T15:14:56.910Z] [worker-pool] submitWork(triggerId=us-central1-api) {"metadata":{"emulator":{"name":"functions"},"message":"[worker-pool] submitWork(triggerId=us-central1-api)"}}
[debug] [2021-06-15T15:14:56.910Z] [worker-us-central1-api-6ee5d102-d67e-435e-9f38-6c5c6570722a]: Assigning socketPath: \\?\pipe\D:\React Apps\softwarepiracy\functions\10008 {"metadata":{"emulator":{"name":"functions"},"message":"[worker-us-central1-api-6ee5d102-d67e-435e-9f38-6c5c6570722a]: Assigning socketPath: \\\\?\\pipe\\D:\\React Apps\\softwarepiracy\\functions\\10008"}}
[debug] [2021-06-15T15:14:56.910Z] [worker-us-central1-api-6ee5d102-d67e-435e-9f38-6c5c6570722a]: BUSY {"metadata":{"emulator":{"name":"functions"},"message":"[worker-us-central1-api-6ee5d102-d67e-435e-9f38-6c5c6570722a]: BUSY"}}
[debug] [2021-06-15T15:14:56.911Z] [runtime-status] [10008] Trigger "us-central1-api" has been found, beginning invocation! {"metadata":{"emulator":{"name":"functions"},"function":{"name":"us-central1-api"},"message":"[runtime-status] [10008] Trigger \"us-central1-api\" has been found, beginning invocation!"}}
[info] i  functions: Beginning execution of "us-central1-api" {"metadata":{"emulator":{"name":"functions"},"function":{"name":"us-central1-api"},"message":"Beginning execution of \"us-central1-api\""}}
[debug] [2021-06-15T15:14:56.913Z] [runtime-status] [10008] triggerDefinition {"httpsTrigger":{},"name":"api","entryPoint":"api","regions":["us-central1"],"region":"us-central1","id":"us-central1-api"} {"metadata":{"emulator":{"name":"functions"},"function":{"name":"us-central1-api"},"message":"[runtime-status] [10008] triggerDefinition {\"httpsTrigger\":{},\"name\":\"api\",\"entryPoint\":\"api\",\"regions\":[\"us-central1\"],\"region\":\"us-central1\",\"id\":\"us-central1-api\"}"}}
[debug] [2021-06-15T15:14:56.913Z] [runtime-status] [10008] Running us-central1-api in mode HTTPS {"metadata":{"emulator":{"name":"functions"},"function":{"name":"us-central1-api"},"message":"[runtime-status] [10008] Running us-central1-api in mode HTTPS"}}
[debug] [2021-06-15T15:14:56.914Z] [runtime-status] [10008] Attempting to listen to socketPath: \\?\pipe\D:\React Apps\softwarepiracy\functions\10008 {"metadata":{"emulator":{"name":"functions"},"function":{"name":"us-central1-api"},"message":"[runtime-status] [10008] Attempting to listen to socketPath: \\\\?\\pipe\\D:\\React Apps\\softwarepiracy\\functions\\10008"}}
[debug] [2021-06-15T15:14:56.915Z] [functions] Runtime ready! Sending request! {"metadata":{"emulator":{"name":"functions"},"message":"[functions] Runtime ready! Sending request!"}}
[debug] [2021-06-15T15:14:56.915Z] [functions] Got req.url=/softwaresecurityproject-88f88/us-central1/api/payments/create?total=10000, mapping to path=/payments/create?total=10000 {"metadata":{"emulator":{"name":"functions"},"message":"[functions] Got req.url=/softwaresecurityproject-88f88/us-central1/api/payments/create?total=10000, mapping to path=/payments/create?total=10000"}}
[debug] [2021-06-15T15:14:56.919Z] [runtime-status] [10008] Ephemeral server handling POST request {"metadata":{"emulator":{"name":"functions"},"function":{"name":"us-central1-api"},"message":"[runtime-status] [10008] Ephemeral server handling POST request"}}
[info] >  Payment Request Recieved BOOM!!! for this amount >>>  10000 {"user":"Payment Request Recieved BOOM!!! for this amount >>>  10000","metadata":{"emulator":{"name":"functions"},"function":{"name":"us-central1-api"},"message":"\u001b[90m> \u001b[39m Payment Request Recieved BOOM!!! for this amount >>>  10000"}}
[debug] [2021-06-15T15:14:56.922Z] [runtime-status] [10008] Ephemeral server survived. {"metadata":{"emulator":{"name":"functions"},"function":{"name":"us-central1-api"},"message":"[runtime-status] [10008] Ephemeral server survived."}}
[info] i  functions: Finished "us-central1-api" in ~1s {"metadata":{"emulator":{"name":"functions"},"function":{"name":"us-central1-api"},"message":"Finished \"us-central1-api\" in ~1s"}}
[debug] [2021-06-15T15:14:57.167Z] [worker-us-central1-api-6ee5d102-d67e-435e-9f38-6c5c6570722a]: IDLE {"metadata":{"emulator":{"name":"functions"},"message":"[worker-us-central1-api-6ee5d102-d67e-435e-9f38-6c5c6570722a]: IDLE"}}
[debug] [2021-06-15T15:14:57.168Z] [work-queue] {"queueLength":0,"workRunningCount":0}
[debug] [2021-06-15T15:15:09.573Z] [work-queue] {"queueLength":1,"workRunningCount":0}
[debug] [2021-06-15T15:15:09.574Z] [work-queue] {"queueLength":0,"workRunningCount":1}
[debug] [2021-06-15T15:15:09.574Z] Accepted request POST /softwaresecurityproject-88f88/us-central1/api/payments/create?total=0 --> us-central1-api
[debug] [2021-06-15T15:15:09.574Z] [worker-pool] submitWork(triggerId=us-central1-api) {"metadata":{"emulator":{"name":"functions"},"message":"[worker-pool] submitWork(triggerId=us-central1-api)"}}
[debug] [2021-06-15T15:15:09.574Z] [worker-us-central1-api-6ee5d102-d67e-435e-9f38-6c5c6570722a]: Assigning socketPath: \\?\pipe\D:\React Apps\softwarepiracy\functions\10008 {"metadata":{"emulator":{"name":"functions"},"message":"[worker-us-central1-api-6ee5d102-d67e-435e-9f38-6c5c6570722a]: Assigning socketPath: \\\\?\\pipe\\D:\\React Apps\\softwarepiracy\\functions\\10008"}}
[debug] [2021-06-15T15:15:09.574Z] [worker-us-central1-api-6ee5d102-d67e-435e-9f38-6c5c6570722a]: BUSY {"metadata":{"emulator":{"name":"functions"},"message":"[worker-us-central1-api-6ee5d102-d67e-435e-9f38-6c5c6570722a]: BUSY"}}
[debug] [2021-06-15T15:15:09.575Z] [runtime-status] [10008] Trigger "us-central1-api" has been found, beginning invocation! {"metadata":{"emulator":{"name":"functions"},"function":{"name":"us-central1-api"},"message":"[runtime-status] [10008] Trigger \"us-central1-api\" has been found, beginning invocation!"}}
[info] i  functions: Beginning execution of "us-central1-api" {"metadata":{"emulator":{"name":"functions"},"function":{"name":"us-central1-api"},"message":"Beginning execution of \"us-central1-api\""}}
[debug] [2021-06-15T15:15:09.576Z] [runtime-status] [10008] triggerDefinition {"httpsTrigger":{},"name":"api","entryPoint":"api","regions":["us-central1"],"region":"us-central1","id":"us-central1-api"} {"metadata":{"emulator":{"name":"functions"},"function":{"name":"us-central1-api"},"message":"[runtime-status] [10008] triggerDefinition {\"httpsTrigger\":{},\"name\":\"api\",\"entryPoint\":\"api\",\"regions\":[\"us-central1\"],\"region\":\"us-central1\",\"id\":\"us-central1-api\"}"}}
[debug] [2021-06-15T15:15:09.576Z] [runtime-status] [10008] Running us-central1-api in mode HTTPS {"metadata":{"emulator":{"name":"functions"},"function":{"name":"us-central1-api"},"message":"[runtime-status] [10008] Running us-central1-api in mode HTTPS"}}
[debug] [2021-06-15T15:15:09.576Z] [runtime-status] [10008] Attempting to listen to socketPath: \\?\pipe\D:\React Apps\softwarepiracy\functions\10008 {"metadata":{"emulator":{"name":"functions"},"function":{"name":"us-central1-api"},"message":"[runtime-status] [10008] Attempting to listen to socketPath: \\\\?\\pipe\\D:\\React Apps\\softwarepiracy\\functions\\10008"}}
[debug] [2021-06-15T15:15:09.577Z] [functions] Runtime ready! Sending request! {"metadata":{"emulator":{"name":"functions"},"message":"[functions] Runtime ready! Sending request!"}}
[debug] [2021-06-15T15:15:09.577Z] [functions] Got req.url=/softwaresecurityproject-88f88/us-central1/api/payments/create?total=0, mapping to path=/payments/create?total=0 {"metadata":{"emulator":{"name":"functions"},"message":"[functions] Got req.url=/softwaresecurityproject-88f88/us-central1/api/payments/create?total=0, mapping to path=/payments/create?total=0"}}
[debug] [2021-06-15T15:15:09.580Z] [runtime-status] [10008] Ephemeral server handling POST request {"metadata":{"emulator":{"name":"functions"},"function":{"name":"us-central1-api"},"message":"[runtime-status] [10008] Ephemeral server handling POST request"}}
[info] >  Payment Request Recieved BOOM!!! for this amount >>>  0 {"user":"Payment Request Recieved BOOM!!! for this amount >>>  0","metadata":{"emulator":{"name":"functions"},"function":{"name":"us-central1-api"},"message":"\u001b[90m> \u001b[39m Payment Request Recieved BOOM!!! for this amount >>>  0"}}
[debug] [2021-06-15T15:15:09.582Z] [runtime-status] [10008] Ephemeral server survived. {"metadata":{"emulator":{"name":"functions"},"function":{"name":"us-central1-api"},"message":"[runtime-status] [10008] Ephemeral server survived."}}
[info] >  (node:10008) UnhandledPromiseRejectionWarning: Error: This value must be greater than or equal to 1. {"user":"(node:10008) UnhandledPromiseRejectionWarning: Error: This value must be greater than or equal to 1.","metadata":{"emulator":{"name":"functions"},"function":{"name":"us-central1-api"},"message":"\u001b[90m> \u001b[39m (node:10008) UnhandledPromiseRejectionWarning: Error: This value must be greater than or equal to 1."}}
[info] >      at Function.generate (D:\React Apps\softwarepiracy\functions\node_modules\stripe\lib\Error.js:40:16) {"user":"    at Function.generate (D:\\React Apps\\softwarepiracy\\functions\\node_modules\\stripe\\lib\\Error.js:40:16)","metadata":{"emulator":{"name":"functions"},"function":{"name":"us-central1-api"},"message":"\u001b[90m> \u001b[39m     at Function.generate (D:\\React Apps\\softwarepiracy\\functions\\node_modules\\stripe\\lib\\Error.js:40:16)"}}
[info] >      at IncomingMessage.<anonymous> (D:\React Apps\softwarepiracy\functions\node_modules\stripe\lib\StripeResource.js:180:33) {"user":"    at IncomingMessage.<anonymous> (D:\\React Apps\\softwarepiracy\\functions\\node_modules\\stripe\\lib\\StripeResource.js:180:33)","metadata":{"emulator":{"name":"functions"},"function":{"name":"us-central1-api"},"message":"\u001b[90m> \u001b[39m     at IncomingMessage.<anonymous> (D:\\React Apps\\softwarepiracy\\functions\\node_modules\\stripe\\lib\\StripeResource.js:180:33)"}}
[info] >      at Object.onceWrapper (events.js:482:28) {"user":"    at Object.onceWrapper (events.js:482:28)","metadata":{"emulator":{"name":"functions"},"function":{"name":"us-central1-api"},"message":"\u001b[90m> \u001b[39m     at Object.onceWrapper (events.js:482:28)"}}
[info] >      at IncomingMessage.emit (events.js:388:22) {"user":"    at IncomingMessage.emit (events.js:388:22)","metadata":{"emulator":{"name":"functions"},"function":{"name":"us-central1-api"},"message":"\u001b[90m> \u001b[39m     at IncomingMessage.emit (events.js:388:22)"}}
[info] >      at endReadableNT (internal/streams/readable.js:1336:12) {"user":"    at endReadableNT (internal/streams/readable.js:1336:12)","metadata":{"emulator":{"name":"functions"},"function":{"name":"us-central1-api"},"message":"\u001b[90m> \u001b[39m     at endReadableNT (internal/streams/readable.js:1336:12)"}}
[info] >      at processTicksAndRejections (internal/process/task_queues.js:82:21) {"user":"    at processTicksAndRejections (internal/process/task_queues.js:82:21)","metadata":{"emulator":{"name":"functions"},"function":{"name":"us-central1-api"},"message":"\u001b[90m> \u001b[39m     at processTicksAndRejections (internal/process/task_queues.js:82:21)"}}
[info] >  (Use `node --trace-warnings ...` to show where the warning was created) {"user":"(Use `node --trace-warnings ...` to show where the warning was created)","metadata":{"emulator":{"name":"functions"},"function":{"name":"us-central1-api"},"message":"\u001b[90m> \u001b[39m (Use `node --trace-warnings ...` to show where the warning was created)"}}
[info] >  (node:10008) UnhandledPromiseRejectionWarning: Unhandled promise rejection. This error originated either by throwing inside of an async function without a catch block, or by rejecting a promise which was not handled with .catch(). To terminate the node process on unhandled promise rejection, use the CLI flag `--unhandled-rejections=strict` (see https://nodejs.org/api/cli.html#cli_unhandled_rejections_mode). (rejection id: 1) {"user":"(node:10008) UnhandledPromiseRejectionWarning: Unhandled promise rejection. This error originated either by throwing inside of an async function without a catch block, or by rejecting a promise which was not handled with .catch(). To terminate the node process on unhandled promise rejection, use the CLI flag `--unhandled-rejections=strict` (see https://nodejs.org/api/cli.html#cli_unhandled_rejections_mode). (rejection id: 1)","metadata":{"emulator":{"name":"functions"},"function":{"name":"us-central1-api"},"message":"\u001b[90m> \u001b[39m (node:10008) UnhandledPromiseRejectionWarning: Unhandled promise rejection. This error originated either by throwing inside of an async function without a catch block, or by rejecting a promise which was not handled with .catch(). To terminate the node process on unhandled promise rejection, use the CLI flag `--unhandled-rejections=strict` (see https://nodejs.org/api/cli.html#cli_unhandled_rejections_mode). (rejection id: 1)"}}
[info] >  (node:10008) [DEP0018] DeprecationWarning: Unhandled promise rejections are deprecated. In the future, promise rejections that are not handled will terminate the Node.js process with a non-zero exit code. {"user":"(node:10008) [DEP0018] DeprecationWarning: Unhandled promise rejections are deprecated. In the future, promise rejections that are not handled will terminate the Node.js process with a non-zero exit code.","metadata":{"emulator":{"name":"functions"},"function":{"name":"us-central1-api"},"message":"\u001b[90m> \u001b[39m (node:10008) [DEP0018] DeprecationWarning: Unhandled promise rejections are deprecated. In the future, promise rejections that are not handled will terminate the Node.js process with a non-zero exit code."}}
[warn] !  functions: Your function timed out after ~60s. To configure this timeout, see
      https://firebase.google.com/docs/functions/manage-functions#set_timeout_and_memory_allocation. {"metadata":{"emulator":{"name":"functions"},"function":{"name":"us-central1-api"},"message":"Your function timed out after ~60s. To configure this timeout, see\n      https://firebase.google.com/docs/functions/manage-functions#set_timeout_and_memory_allocation."}}
[info] >  C:\Users\paneg\AppData\Roaming\nvm\v14.17.0\node_modules\firebase-tools\lib\emulator\functionsEmulatorRuntime.js:648 {"user":"C:\\Users\\paneg\\AppData\\Roaming\\nvm\\v14.17.0\\node_modules\\firebase-tools\\lib\\emulator\\functionsEmulatorRuntime.js:648\r","metadata":{"emulator":{"name":"functions"},"function":{"name":"us-central1-api"},"message":"\u001b[90m> \u001b[39m C:\\Users\\paneg\\AppData\\Roaming\\nvm\\v14.17.0\\node_modules\\firebase-tools\\lib\\emulator\\functionsEmulatorRuntime.js:648\r"}}
[info] >              throw new Error("Function timed out."); {"user":"            throw new Error(\"Function timed out.\");\r","metadata":{"emulator":{"name":"functions"},"function":{"name":"us-central1-api"},"message":"\u001b[90m> \u001b[39m             throw new Error(\"Function timed out.\");\r"}}
[info] >              ^ {"user":"            ^\r","metadata":{"emulator":{"name":"functions"},"function":{"name":"us-central1-api"},"message":"\u001b[90m> \u001b[39m             ^\r"}}
[info] >   {"user":"\r","metadata":{"emulator":{"name":"functions"},"function":{"name":"us-central1-api"},"message":"\u001b[90m> \u001b[39m \r"}}
[info] >  Error: Function timed out. {"user":"Error: Function timed out.\r","metadata":{"emulator":{"name":"functions"},"function":{"name":"us-central1-api"},"message":"\u001b[90m> \u001b[39m Error: Function timed out.\r"}}
[info] >      at Timeout._onTimeout (C:\Users\paneg\AppData\Roaming\nvm\v14.17.0\node_modules\firebase-tools\lib\emulator\functionsEmulatorRuntime.js:648:19) {"user":"    at Timeout._onTimeout (C:\\Users\\paneg\\AppData\\Roaming\\nvm\\v14.17.0\\node_modules\\firebase-tools\\lib\\emulator\\functionsEmulatorRuntime.js:648:19)\r","metadata":{"emulator":{"name":"functions"},"function":{"name":"us-central1-api"},"message":"\u001b[90m> \u001b[39m     at Timeout._onTimeout (C:\\Users\\paneg\\AppData\\Roaming\\nvm\\v14.17.0\\node_modules\\firebase-tools\\lib\\emulator\\functionsEmulatorRuntime.js:648:19)\r"}}
[info] >      at listOnTimeout (internal/timers.js:555:17) {"user":"    at listOnTimeout (internal/timers.js:555:17)\r","metadata":{"emulator":{"name":"functions"},"function":{"name":"us-central1-api"},"message":"\u001b[90m> \u001b[39m     at listOnTimeout (internal/timers.js:555:17)\r"}}
[info] >      at processTimers (internal/timers.js:498:7) {"user":"    at processTimers (internal/timers.js:498:7)\r","metadata":{"emulator":{"name":"functions"},"function":{"name":"us-central1-api"},"message":"\u001b[90m> \u001b[39m     at processTimers (internal/timers.js:498:7)\r"}}
[debug] [2021-06-15T15:16:09.599Z] [worker-us-central1-api-6ee5d102-d67e-435e-9f38-6c5c6570722a]: exited {"metadata":{"emulator":{"name":"functions"},"message":"[worker-us-central1-api-6ee5d102-d67e-435e-9f38-6c5c6570722a]: exited"}}
[debug] [2021-06-15T15:16:09.599Z] [worker-us-central1-api-6ee5d102-d67e-435e-9f38-6c5c6570722a]: FINISHED {"metadata":{"emulator":{"name":"functions"},"message":"[worker-us-central1-api-6ee5d102-d67e-435e-9f38-6c5c6570722a]: FINISHED"}}
[debug] [2021-06-15T15:16:09.599Z] [work-queue] {"queueLength":0,"workRunningCount":0}
[debug] [2021-06-15T16:09:54.787Z] [work-queue] {"queueLength":1,"workRunningCount":0}
[debug] [2021-06-15T16:09:54.787Z] [work-queue] {"queueLength":0,"workRunningCount":1}
[debug] [2021-06-15T16:09:54.787Z] Accepted request POST /softwaresecurityproject-88f88/us-central1/api/payments/create?total=0 --> us-central1-api
[debug] [2021-06-15T16:09:54.788Z] [worker-pool] Cleaned up workers for us-central1-api: 1 --> 0 {"metadata":{"emulator":{"name":"functions"},"message":"[worker-pool] Cleaned up workers for us-central1-api: 1 --> 0"}}
[debug] [2021-06-15T16:09:54.797Z] [worker-pool] addWorker(us-central1-api) {"metadata":{"emulator":{"name":"functions"},"message":"[worker-pool] addWorker(us-central1-api)"}}
[debug] [2021-06-15T16:09:54.797Z] [worker-pool] Adding worker with key us-central1-api, total=1 {"metadata":{"emulator":{"name":"functions"},"message":"[worker-pool] Adding worker with key us-central1-api, total=1"}}
[debug] [2021-06-15T16:09:54.797Z] [worker-pool] submitWork(triggerId=us-central1-api) {"metadata":{"emulator":{"name":"functions"},"message":"[worker-pool] submitWork(triggerId=us-central1-api)"}}
[debug] [2021-06-15T16:09:54.797Z] [worker-us-central1-api-7a2b6bce-7d4b-476e-99d4-863bbebb1829]: Assigning socketPath: \\?\pipe\D:\React Apps\softwarepiracy\functions\3092 {"metadata":{"emulator":{"name":"functions"},"message":"[worker-us-central1-api-7a2b6bce-7d4b-476e-99d4-863bbebb1829]: Assigning socketPath: \\\\?\\pipe\\D:\\React Apps\\softwarepiracy\\functions\\3092"}}
[debug] [2021-06-15T16:09:54.797Z] [worker-us-central1-api-7a2b6bce-7d4b-476e-99d4-863bbebb1829]: BUSY {"metadata":{"emulator":{"name":"functions"},"message":"[worker-us-central1-api-7a2b6bce-7d4b-476e-99d4-863bbebb1829]: BUSY"}}
[debug] [2021-06-15T16:09:55.042Z] [runtime-status] [3092] Functions runtime initialized. {"cwd":"D:\\React Apps\\softwarepiracy\\functions","node_version":"14.17.0"} {"metadata":{"emulator":{"name":"functions"},"function":{"name":"us-central1-api"},"message":"[runtime-status] [3092] Functions runtime initialized. {\"cwd\":\"D:\\\\React Apps\\\\softwarepiracy\\\\functions\",\"node_version\":\"14.17.0\"}"}}
[debug] [2021-06-15T16:09:55.044Z] [runtime-status] [3092] Disabled runtime features: undefined {"metadata":{"emulator":{"name":"functions"},"function":{"name":"us-central1-api"},"message":"[runtime-status] [3092] Disabled runtime features: undefined"}}
[debug] [2021-06-15T16:09:55.054Z] [runtime-status] [3092] Resolved module firebase-admin {"declared":true,"installed":true,"version":"9.9.0","resolution":"D:\\React Apps\\softwarepiracy\\functions\\node_modules\\firebase-admin\\lib\\index.js"} {"metadata":{"emulator":{"name":"functions"},"function":{"name":"us-central1-api"},"message":"[runtime-status] [3092] Resolved module firebase-admin {\"declared\":true,\"installed\":true,\"version\":\"9.9.0\",\"resolution\":\"D:\\\\React Apps\\\\softwarepiracy\\\\functions\\\\node_modules\\\\firebase-admin\\\\lib\\\\index.js\"}"}}
[debug] [2021-06-15T16:09:55.056Z] [runtime-status] [3092] Resolved module firebase-functions {"declared":true,"installed":true,"version":"3.14.1","resolution":"D:\\React Apps\\softwarepiracy\\functions\\node_modules\\firebase-functions\\lib\\index.js"} {"metadata":{"emulator":{"name":"functions"},"function":{"name":"us-central1-api"},"message":"[runtime-status] [3092] Resolved module firebase-functions {\"declared\":true,\"installed\":true,\"version\":\"3.14.1\",\"resolution\":\"D:\\\\React Apps\\\\softwarepiracy\\\\functions\\\\node_modules\\\\firebase-functions\\\\lib\\\\index.js\"}"}}
[debug] [2021-06-15T16:09:55.059Z] [runtime-status] [3092] Resolved module firebase-functions {"declared":true,"installed":true,"version":"3.14.1","resolution":"D:\\React Apps\\softwarepiracy\\functions\\node_modules\\firebase-functions\\lib\\index.js"} {"metadata":{"emulator":{"name":"functions"},"function":{"name":"us-central1-api"},"message":"[runtime-status] [3092] Resolved module firebase-functions {\"declared\":true,\"installed\":true,\"version\":\"3.14.1\",\"resolution\":\"D:\\\\React Apps\\\\softwarepiracy\\\\functions\\\\node_modules\\\\firebase-functions\\\\lib\\\\index.js\"}"}}
[debug] [2021-06-15T16:09:55.064Z] [runtime-status] [3092] Outgoing network have been stubbed. [{"name":"http","status":"mocked"},{"name":"http","status":"mocked"},{"name":"https","status":"mocked"},{"name":"https","status":"mocked"},{"name":"net","status":"mocked"}] {"metadata":{"emulator":{"name":"functions"},"function":{"name":"us-central1-api"},"message":"[runtime-status] [3092] Outgoing network have been stubbed. [{\"name\":\"http\",\"status\":\"mocked\"},{\"name\":\"http\",\"status\":\"mocked\"},{\"name\":\"https\",\"status\":\"mocked\"},{\"name\":\"https\",\"status\":\"mocked\"},{\"name\":\"net\",\"status\":\"mocked\"}]"}}
[debug] [2021-06-15T16:09:55.064Z] [runtime-status] [3092] Resolved module firebase-functions {"declared":true,"installed":true,"version":"3.14.1","resolution":"D:\\React Apps\\softwarepiracy\\functions\\node_modules\\firebase-functions\\lib\\index.js"} {"metadata":{"emulator":{"name":"functions"},"function":{"name":"us-central1-api"},"message":"[runtime-status] [3092] Resolved module firebase-functions {\"declared\":true,\"installed\":true,\"version\":\"3.14.1\",\"resolution\":\"D:\\\\React Apps\\\\softwarepiracy\\\\functions\\\\node_modules\\\\firebase-functions\\\\lib\\\\index.js\"}"}}
[debug] [2021-06-15T16:09:55.167Z] [runtime-status] [3092] Checked functions.config() {"config":{}} {"metadata":{"emulator":{"name":"functions"},"function":{"name":"us-central1-api"},"message":"[runtime-status] [3092] Checked functions.config() {\"config\":{}}"}}
[debug] [2021-06-15T16:09:55.168Z] [runtime-status] [3092] firebase-functions has been stubbed. {"functionsResolution":{"declared":true,"installed":true,"version":"3.14.1","resolution":"D:\\React Apps\\softwarepiracy\\functions\\node_modules\\firebase-functions\\lib\\index.js"}} {"metadata":{"emulator":{"name":"functions"},"function":{"name":"us-central1-api"},"message":"[runtime-status] [3092] firebase-functions has been stubbed. {\"functionsResolution\":{\"declared\":true,\"installed\":true,\"version\":\"3.14.1\",\"resolution\":\"D:\\\\React Apps\\\\softwarepiracy\\\\functions\\\\node_modules\\\\firebase-functions\\\\lib\\\\index.js\"}}"}}
[debug] [2021-06-15T16:09:55.168Z] [runtime-status] [3092] Resolved module firebase-functions {"declared":true,"installed":true,"version":"3.14.1","resolution":"D:\\React Apps\\softwarepiracy\\functions\\node_modules\\firebase-functions\\lib\\index.js"} {"metadata":{"emulator":{"name":"functions"},"function":{"name":"us-central1-api"},"message":"[runtime-status] [3092] Resolved module firebase-functions {\"declared\":true,\"installed\":true,\"version\":\"3.14.1\",\"resolution\":\"D:\\\\React Apps\\\\softwarepiracy\\\\functions\\\\node_modules\\\\firebase-functions\\\\lib\\\\index.js\"}"}}
[debug] [2021-06-15T16:09:55.169Z] [runtime-status] [3092] Resolved module firebase-admin {"declared":true,"installed":true,"version":"9.9.0","resolution":"D:\\React Apps\\softwarepiracy\\functions\\node_modules\\firebase-admin\\lib\\index.js"} {"metadata":{"emulator":{"name":"functions"},"function":{"name":"us-central1-api"},"message":"[runtime-status] [3092] Resolved module firebase-admin {\"declared\":true,\"installed\":true,\"version\":\"9.9.0\",\"resolution\":\"D:\\\\React Apps\\\\softwarepiracy\\\\functions\\\\node_modules\\\\firebase-admin\\\\lib\\\\index.js\"}"}}
[debug] [2021-06-15T16:09:55.169Z] [runtime-status] [3092] Resolved module firebase-functions {"declared":true,"installed":true,"version":"3.14.1","resolution":"D:\\React Apps\\softwarepiracy\\functions\\node_modules\\firebase-functions\\lib\\index.js"} {"metadata":{"emulator":{"name":"functions"},"function":{"name":"us-central1-api"},"message":"[runtime-status] [3092] Resolved module firebase-functions {\"declared\":true,\"installed\":true,\"version\":\"3.14.1\",\"resolution\":\"D:\\\\React Apps\\\\softwarepiracy\\\\functions\\\\node_modules\\\\firebase-functions\\\\lib\\\\index.js\"}"}}
[debug] [2021-06-15T16:09:55.169Z] [runtime-status] [3092] firebase-admin has been stubbed. {"adminResolution":{"declared":true,"installed":true,"version":"9.9.0","resolution":"D:\\React Apps\\softwarepiracy\\functions\\node_modules\\firebase-admin\\lib\\index.js"}} {"metadata":{"emulator":{"name":"functions"},"function":{"name":"us-central1-api"},"message":"[runtime-status] [3092] firebase-admin has been stubbed. {\"adminResolution\":{\"declared\":true,\"installed\":true,\"version\":\"9.9.0\",\"resolution\":\"D:\\\\React Apps\\\\softwarepiracy\\\\functions\\\\node_modules\\\\firebase-admin\\\\lib\\\\index.js\"}}"}}
[debug] [2021-06-15T16:09:55.648Z] [runtime-status] [3092] Trigger "us-central1-api" has been found, beginning invocation! {"metadata":{"emulator":{"name":"functions"},"function":{"name":"us-central1-api"},"message":"[runtime-status] [3092] Trigger \"us-central1-api\" has been found, beginning invocation!"}}
[info] i  functions: Beginning execution of "us-central1-api" {"metadata":{"emulator":{"name":"functions"},"function":{"name":"us-central1-api"},"message":"Beginning execution of \"us-central1-api\""}}
[debug] [2021-06-15T16:09:55.650Z] [runtime-status] [3092] triggerDefinition {"httpsTrigger":{},"name":"api","entryPoint":"api","regions":["us-central1"],"region":"us-central1","id":"us-central1-api"} {"metadata":{"emulator":{"name":"functions"},"function":{"name":"us-central1-api"},"message":"[runtime-status] [3092] triggerDefinition {\"httpsTrigger\":{},\"name\":\"api\",\"entryPoint\":\"api\",\"regions\":[\"us-central1\"],\"region\":\"us-central1\",\"id\":\"us-central1-api\"}"}}
[debug] [2021-06-15T16:09:55.650Z] [runtime-status] [3092] Running us-central1-api in mode HTTPS {"metadata":{"emulator":{"name":"functions"},"function":{"name":"us-central1-api"},"message":"[runtime-status] [3092] Running us-central1-api in mode HTTPS"}}
[debug] [2021-06-15T16:09:55.654Z] [runtime-status] [3092] Attempting to listen to socketPath: \\?\pipe\D:\React Apps\softwarepiracy\functions\3092 {"metadata":{"emulator":{"name":"functions"},"function":{"name":"us-central1-api"},"message":"[runtime-status] [3092] Attempting to listen to socketPath: \\\\?\\pipe\\D:\\React Apps\\softwarepiracy\\functions\\3092"}}
[debug] [2021-06-15T16:09:55.658Z] [functions] Runtime ready! Sending request! {"metadata":{"emulator":{"name":"functions"},"message":"[functions] Runtime ready! Sending request!"}}
[debug] [2021-06-15T16:09:55.658Z] [functions] Got req.url=/softwaresecurityproject-88f88/us-central1/api/payments/create?total=0, mapping to path=/payments/create?total=0 {"metadata":{"emulator":{"name":"functions"},"message":"[functions] Got req.url=/softwaresecurityproject-88f88/us-central1/api/payments/create?total=0, mapping to path=/payments/create?total=0"}}
[debug] [2021-06-15T16:09:55.665Z] [runtime-status] [3092] Ephemeral server handling POST request {"metadata":{"emulator":{"name":"functions"},"function":{"name":"us-central1-api"},"message":"[runtime-status] [3092] Ephemeral server handling POST request"}}
[info] >  Payment Request Recieved BOOM!!! for this amount >>>  0 {"user":"Payment Request Recieved BOOM!!! for this amount >>>  0","metadata":{"emulator":{"name":"functions"},"function":{"name":"us-central1-api"},"message":"\u001b[90m> \u001b[39m Payment Request Recieved BOOM!!! for this amount >>>  0"}}
[debug] [2021-06-15T16:09:55.682Z] [runtime-status] [3092] Ephemeral server survived. {"metadata":{"emulator":{"name":"functions"},"function":{"name":"us-central1-api"},"message":"[runtime-status] [3092] Ephemeral server survived."}}
[info] >  (node:3092) UnhandledPromiseRejectionWarning: Error: This value must be greater than or equal to 1. {"user":"(node:3092) UnhandledPromiseRejectionWarning: Error: This value must be greater than or equal to 1.","metadata":{"emulator":{"name":"functions"},"function":{"name":"us-central1-api"},"message":"\u001b[90m> \u001b[39m (node:3092) UnhandledPromiseRejectionWarning: Error: This value must be greater than or equal to 1."}}
[info] >      at Function.generate (D:\React Apps\softwarepiracy\functions\node_modules\stripe\lib\Error.js:40:16) {"user":"    at Function.generate (D:\\React Apps\\softwarepiracy\\functions\\node_modules\\stripe\\lib\\Error.js:40:16)","metadata":{"emulator":{"name":"functions"},"function":{"name":"us-central1-api"},"message":"\u001b[90m> \u001b[39m     at Function.generate (D:\\React Apps\\softwarepiracy\\functions\\node_modules\\stripe\\lib\\Error.js:40:16)"}}
[info] >      at IncomingMessage.<anonymous> (D:\React Apps\softwarepiracy\functions\node_modules\stripe\lib\StripeResource.js:180:33) {"user":"    at IncomingMessage.<anonymous> (D:\\React Apps\\softwarepiracy\\functions\\node_modules\\stripe\\lib\\StripeResource.js:180:33)","metadata":{"emulator":{"name":"functions"},"function":{"name":"us-central1-api"},"message":"\u001b[90m> \u001b[39m     at IncomingMessage.<anonymous> (D:\\React Apps\\softwarepiracy\\functions\\node_modules\\stripe\\lib\\StripeResource.js:180:33)"}}
[info] >      at Object.onceWrapper (events.js:482:28) {"user":"    at Object.onceWrapper (events.js:482:28)","metadata":{"emulator":{"name":"functions"},"function":{"name":"us-central1-api"},"message":"\u001b[90m> \u001b[39m     at Object.onceWrapper (events.js:482:28)"}}
[info] >      at IncomingMessage.emit (events.js:388:22) {"user":"    at IncomingMessage.emit (events.js:388:22)","metadata":{"emulator":{"name":"functions"},"function":{"name":"us-central1-api"},"message":"\u001b[90m> \u001b[39m     at IncomingMessage.emit (events.js:388:22)"}}
[info] >      at endReadableNT (internal/streams/readable.js:1336:12) {"user":"    at endReadableNT (internal/streams/readable.js:1336:12)","metadata":{"emulator":{"name":"functions"},"function":{"name":"us-central1-api"},"message":"\u001b[90m> \u001b[39m     at endReadableNT (internal/streams/readable.js:1336:12)"}}
[info] >      at processTicksAndRejections (internal/process/task_queues.js:82:21) {"user":"    at processTicksAndRejections (internal/process/task_queues.js:82:21)","metadata":{"emulator":{"name":"functions"},"function":{"name":"us-central1-api"},"message":"\u001b[90m> \u001b[39m     at processTicksAndRejections (internal/process/task_queues.js:82:21)"}}
[info] >  (Use `node --trace-warnings ...` to show where the warning was created) {"user":"(Use `node --trace-warnings ...` to show where the warning was created)","metadata":{"emulator":{"name":"functions"},"function":{"name":"us-central1-api"},"message":"\u001b[90m> \u001b[39m (Use `node --trace-warnings ...` to show where the warning was created)"}}
[info] >  (node:3092) UnhandledPromiseRejectionWarning: Unhandled promise rejection. This error originated either by throwing inside of an async function without a catch block, or by rejecting a promise which was not handled with .catch(). To terminate the node process on unhandled promise rejection, use the CLI flag `--unhandled-rejections=strict` (see https://nodejs.org/api/cli.html#cli_unhandled_rejections_mode). (rejection id: 1) {"user":"(node:3092) UnhandledPromiseRejectionWarning: Unhandled promise rejection. This error originated either by throwing inside of an async function without a catch block, or by rejecting a promise which was not handled with .catch(). To terminate the node process on unhandled promise rejection, use the CLI flag `--unhandled-rejections=strict` (see https://nodejs.org/api/cli.html#cli_unhandled_rejections_mode). (rejection id: 1)","metadata":{"emulator":{"name":"functions"},"function":{"name":"us-central1-api"},"message":"\u001b[90m> \u001b[39m (node:3092) UnhandledPromiseRejectionWarning: Unhandled promise rejection. This error originated either by throwing inside of an async function without a catch block, or by rejecting a promise which was not handled with .catch(). To terminate the node process on unhandled promise rejection, use the CLI flag `--unhandled-rejections=strict` (see https://nodejs.org/api/cli.html#cli_unhandled_rejections_mode). (rejection id: 1)"}}
[info] >  (node:3092) [DEP0018] DeprecationWarning: Unhandled promise rejections are deprecated. In the future, promise rejections that are not handled will terminate the Node.js process with a non-zero exit code. {"user":"(node:3092) [DEP0018] DeprecationWarning: Unhandled promise rejections are deprecated. In the future, promise rejections that are not handled will terminate the Node.js process with a non-zero exit code.","metadata":{"emulator":{"name":"functions"},"function":{"name":"us-central1-api"},"message":"\u001b[90m> \u001b[39m (node:3092) [DEP0018] DeprecationWarning: Unhandled promise rejections are deprecated. In the future, promise rejections that are not handled will terminate the Node.js process with a non-zero exit code."}}
[warn] !  functions: Your function timed out after ~60s. To configure this timeout, see
      https://firebase.google.com/docs/functions/manage-functions#set_timeout_and_memory_allocation. {"metadata":{"emulator":{"name":"functions"},"function":{"name":"us-central1-api"},"message":"Your function timed out after ~60s. To configure this timeout, see\n      https://firebase.google.com/docs/functions/manage-functions#set_timeout_and_memory_allocation."}}
[info] >  C:\Users\paneg\AppData\Roaming\nvm\v14.17.0\node_modules\firebase-tools\lib\emulator\functionsEmulatorRuntime.js:648 {"user":"C:\\Users\\paneg\\AppData\\Roaming\\nvm\\v14.17.0\\node_modules\\firebase-tools\\lib\\emulator\\functionsEmulatorRuntime.js:648\r","metadata":{"emulator":{"name":"functions"},"function":{"name":"us-central1-api"},"message":"\u001b[90m> \u001b[39m C:\\Users\\paneg\\AppData\\Roaming\\nvm\\v14.17.0\\node_modules\\firebase-tools\\lib\\emulator\\functionsEmulatorRuntime.js:648\r"}}
[info] >              throw new Error("Function timed out."); {"user":"            throw new Error(\"Function timed out.\");\r","metadata":{"emulator":{"name":"functions"},"function":{"name":"us-central1-api"},"message":"\u001b[90m> \u001b[39m             throw new Error(\"Function timed out.\");\r"}}
[info] >              ^ {"user":"            ^\r","metadata":{"emulator":{"name":"functions"},"function":{"name":"us-central1-api"},"message":"\u001b[90m> \u001b[39m             ^\r"}}
[info] >   {"user":"\r","metadata":{"emulator":{"name":"functions"},"function":{"name":"us-central1-api"},"message":"\u001b[90m> \u001b[39m \r"}}
[info] >  Error: Function timed out. {"user":"Error: Function timed out.\r","metadata":{"emulator":{"name":"functions"},"function":{"name":"us-central1-api"},"message":"\u001b[90m> \u001b[39m Error: Function timed out.\r"}}
[info] >      at Timeout._onTimeout (C:\Users\paneg\AppData\Roaming\nvm\v14.17.0\node_modules\firebase-tools\lib\emulator\functionsEmulatorRuntime.js:648:19) {"user":"    at Timeout._onTimeout (C:\\Users\\paneg\\AppData\\Roaming\\nvm\\v14.17.0\\node_modules\\firebase-tools\\lib\\emulator\\functionsEmulatorRuntime.js:648:19)\r","metadata":{"emulator":{"name":"functions"},"function":{"name":"us-central1-api"},"message":"\u001b[90m> \u001b[39m     at Timeout._onTimeout (C:\\Users\\paneg\\AppData\\Roaming\\nvm\\v14.17.0\\node_modules\\firebase-tools\\lib\\emulator\\functionsEmulatorRuntime.js:648:19)\r"}}
[info] >      at listOnTimeout (internal/timers.js:555:17) {"user":"    at listOnTimeout (internal/timers.js:555:17)\r","metadata":{"emulator":{"name":"functions"},"function":{"name":"us-central1-api"},"message":"\u001b[90m> \u001b[39m     at listOnTimeout (internal/timers.js:555:17)\r"}}
[info] >      at processTimers (internal/timers.js:498:7) {"user":"    at processTimers (internal/timers.js:498:7)\r","metadata":{"emulator":{"name":"functions"},"function":{"name":"us-central1-api"},"message":"\u001b[90m> \u001b[39m     at processTimers (internal/timers.js:498:7)\r"}}
[debug] [2021-06-15T16:10:55.663Z] [worker-us-central1-api-7a2b6bce-7d4b-476e-99d4-863bbebb1829]: exited {"metadata":{"emulator":{"name":"functions"},"message":"[worker-us-central1-api-7a2b6bce-7d4b-476e-99d4-863bbebb1829]: exited"}}
[debug] [2021-06-15T16:10:55.663Z] [worker-us-central1-api-7a2b6bce-7d4b-476e-99d4-863bbebb1829]: FINISHED {"metadata":{"emulator":{"name":"functions"},"message":"[worker-us-central1-api-7a2b6bce-7d4b-476e-99d4-863bbebb1829]: FINISHED"}}
[debug] [2021-06-15T16:10:55.664Z] [work-queue] {"queueLength":0,"workRunningCount":0}
[debug] [2021-06-15T16:11:21.297Z] [work-queue] {"queueLength":1,"workRunningCount":0}
[debug] [2021-06-15T16:11:21.297Z] [work-queue] {"queueLength":0,"workRunningCount":1}
[debug] [2021-06-15T16:11:21.298Z] Accepted request POST /softwaresecurityproject-88f88/us-central1/api/payments/create?total=150000 --> us-central1-api
[debug] [2021-06-15T16:11:21.298Z] [worker-pool] Cleaned up workers for us-central1-api: 1 --> 0 {"metadata":{"emulator":{"name":"functions"},"message":"[worker-pool] Cleaned up workers for us-central1-api: 1 --> 0"}}
[debug] [2021-06-15T16:11:21.308Z] [worker-pool] addWorker(us-central1-api) {"metadata":{"emulator":{"name":"functions"},"message":"[worker-pool] addWorker(us-central1-api)"}}
[debug] [2021-06-15T16:11:21.309Z] [worker-pool] Adding worker with key us-central1-api, total=1 {"metadata":{"emulator":{"name":"functions"},"message":"[worker-pool] Adding worker with key us-central1-api, total=1"}}
[debug] [2021-06-15T16:11:21.309Z] [worker-pool] submitWork(triggerId=us-central1-api) {"metadata":{"emulator":{"name":"functions"},"message":"[worker-pool] submitWork(triggerId=us-central1-api)"}}
[debug] [2021-06-15T16:11:21.309Z] [worker-us-central1-api-58421d8a-4dbb-4050-8386-03f7fd2c056e]: Assigning socketPath: \\?\pipe\D:\React Apps\softwarepiracy\functions\13316 {"metadata":{"emulator":{"name":"functions"},"message":"[worker-us-central1-api-58421d8a-4dbb-4050-8386-03f7fd2c056e]: Assigning socketPath: \\\\?\\pipe\\D:\\React Apps\\softwarepiracy\\functions\\13316"}}
[debug] [2021-06-15T16:11:21.309Z] [worker-us-central1-api-58421d8a-4dbb-4050-8386-03f7fd2c056e]: BUSY {"metadata":{"emulator":{"name":"functions"},"message":"[worker-us-central1-api-58421d8a-4dbb-4050-8386-03f7fd2c056e]: BUSY"}}
[debug] [2021-06-15T16:11:21.592Z] [runtime-status] [13316] Functions runtime initialized. {"cwd":"D:\\React Apps\\softwarepiracy\\functions","node_version":"14.17.0"} {"metadata":{"emulator":{"name":"functions"},"function":{"name":"us-central1-api"},"message":"[runtime-status] [13316] Functions runtime initialized. {\"cwd\":\"D:\\\\React Apps\\\\softwarepiracy\\\\functions\",\"node_version\":\"14.17.0\"}"}}
[debug] [2021-06-15T16:11:21.594Z] [runtime-status] [13316] Disabled runtime features: undefined {"metadata":{"emulator":{"name":"functions"},"function":{"name":"us-central1-api"},"message":"[runtime-status] [13316] Disabled runtime features: undefined"}}
[debug] [2021-06-15T16:11:21.601Z] [runtime-status] [13316] Resolved module firebase-admin {"declared":true,"installed":true,"version":"9.9.0","resolution":"D:\\React Apps\\softwarepiracy\\functions\\node_modules\\firebase-admin\\lib\\index.js"} {"metadata":{"emulator":{"name":"functions"},"function":{"name":"us-central1-api"},"message":"[runtime-status] [13316] Resolved module firebase-admin {\"declared\":true,\"installed\":true,\"version\":\"9.9.0\",\"resolution\":\"D:\\\\React Apps\\\\softwarepiracy\\\\functions\\\\node_modules\\\\firebase-admin\\\\lib\\\\index.js\"}"}}
[debug] [2021-06-15T16:11:21.604Z] [runtime-status] [13316] Resolved module firebase-functions {"declared":true,"installed":true,"version":"3.14.1","resolution":"D:\\React Apps\\softwarepiracy\\functions\\node_modules\\firebase-functions\\lib\\index.js"} {"metadata":{"emulator":{"name":"functions"},"function":{"name":"us-central1-api"},"message":"[runtime-status] [13316] Resolved module firebase-functions {\"declared\":true,\"installed\":true,\"version\":\"3.14.1\",\"resolution\":\"D:\\\\React Apps\\\\softwarepiracy\\\\functions\\\\node_modules\\\\firebase-functions\\\\lib\\\\index.js\"}"}}
[debug] [2021-06-15T16:11:21.606Z] [runtime-status] [13316] Resolved module firebase-functions {"declared":true,"installed":true,"version":"3.14.1","resolution":"D:\\React Apps\\softwarepiracy\\functions\\node_modules\\firebase-functions\\lib\\index.js"} {"metadata":{"emulator":{"name":"functions"},"function":{"name":"us-central1-api"},"message":"[runtime-status] [13316] Resolved module firebase-functions {\"declared\":true,\"installed\":true,\"version\":\"3.14.1\",\"resolution\":\"D:\\\\React Apps\\\\softwarepiracy\\\\functions\\\\node_modules\\\\firebase-functions\\\\lib\\\\index.js\"}"}}
[debug] [2021-06-15T16:11:21.608Z] [runtime-status] [13316] Outgoing network have been stubbed. [{"name":"http","status":"mocked"},{"name":"http","status":"mocked"},{"name":"https","status":"mocked"},{"name":"https","status":"mocked"},{"name":"net","status":"mocked"}] {"metadata":{"emulator":{"name":"functions"},"function":{"name":"us-central1-api"},"message":"[runtime-status] [13316] Outgoing network have been stubbed. [{\"name\":\"http\",\"status\":\"mocked\"},{\"name\":\"http\",\"status\":\"mocked\"},{\"name\":\"https\",\"status\":\"mocked\"},{\"name\":\"https\",\"status\":\"mocked\"},{\"name\":\"net\",\"status\":\"mocked\"}]"}}
[debug] [2021-06-15T16:11:21.609Z] [runtime-status] [13316] Resolved module firebase-functions {"declared":true,"installed":true,"version":"3.14.1","resolution":"D:\\React Apps\\softwarepiracy\\functions\\node_modules\\firebase-functions\\lib\\index.js"} {"metadata":{"emulator":{"name":"functions"},"function":{"name":"us-central1-api"},"message":"[runtime-status] [13316] Resolved module firebase-functions {\"declared\":true,\"installed\":true,\"version\":\"3.14.1\",\"resolution\":\"D:\\\\React Apps\\\\softwarepiracy\\\\functions\\\\node_modules\\\\firebase-functions\\\\lib\\\\index.js\"}"}}
[debug] [2021-06-15T16:11:21.689Z] [runtime-status] [13316] Checked functions.config() {"config":{}} {"metadata":{"emulator":{"name":"functions"},"function":{"name":"us-central1-api"},"message":"[runtime-status] [13316] Checked functions.config() {\"config\":{}}"}}
[debug] [2021-06-15T16:11:21.690Z] [runtime-status] [13316] firebase-functions has been stubbed. {"functionsResolution":{"declared":true,"installed":true,"version":"3.14.1","resolution":"D:\\React Apps\\softwarepiracy\\functions\\node_modules\\firebase-functions\\lib\\index.js"}} {"metadata":{"emulator":{"name":"functions"},"function":{"name":"us-central1-api"},"message":"[runtime-status] [13316] firebase-functions has been stubbed. {\"functionsResolution\":{\"declared\":true,\"installed\":true,\"version\":\"3.14.1\",\"resolution\":\"D:\\\\React Apps\\\\softwarepiracy\\\\functions\\\\node_modules\\\\firebase-functions\\\\lib\\\\index.js\"}}"}}
[debug] [2021-06-15T16:11:21.691Z] [runtime-status] [13316] Resolved module firebase-functions {"declared":true,"installed":true,"version":"3.14.1","resolution":"D:\\React Apps\\softwarepiracy\\functions\\node_modules\\firebase-functions\\lib\\index.js"} {"metadata":{"emulator":{"name":"functions"},"function":{"name":"us-central1-api"},"message":"[runtime-status] [13316] Resolved module firebase-functions {\"declared\":true,\"installed\":true,\"version\":\"3.14.1\",\"resolution\":\"D:\\\\React Apps\\\\softwarepiracy\\\\functions\\\\node_modules\\\\firebase-functions\\\\lib\\\\index.js\"}"}}
[debug] [2021-06-15T16:11:21.692Z] [runtime-status] [13316] Resolved module firebase-admin {"declared":true,"installed":true,"version":"9.9.0","resolution":"D:\\React Apps\\softwarepiracy\\functions\\node_modules\\firebase-admin\\lib\\index.js"} {"metadata":{"emulator":{"name":"functions"},"function":{"name":"us-central1-api"},"message":"[runtime-status] [13316] Resolved module firebase-admin {\"declared\":true,\"installed\":true,\"version\":\"9.9.0\",\"resolution\":\"D:\\\\React Apps\\\\softwarepiracy\\\\functions\\\\node_modules\\\\firebase-admin\\\\lib\\\\index.js\"}"}}
[debug] [2021-06-15T16:11:21.693Z] [runtime-status] [13316] Resolved module firebase-functions {"declared":true,"installed":true,"version":"3.14.1","resolution":"D:\\React Apps\\softwarepiracy\\functions\\node_modules\\firebase-functions\\lib\\index.js"} {"metadata":{"emulator":{"name":"functions"},"function":{"name":"us-central1-api"},"message":"[runtime-status] [13316] Resolved module firebase-functions {\"declared\":true,\"installed\":true,\"version\":\"3.14.1\",\"resolution\":\"D:\\\\React Apps\\\\softwarepiracy\\\\functions\\\\node_modules\\\\firebase-functions\\\\lib\\\\index.js\"}"}}
[debug] [2021-06-15T16:11:21.693Z] [runtime-status] [13316] firebase-admin has been stubbed. {"adminResolution":{"declared":true,"installed":true,"version":"9.9.0","resolution":"D:\\React Apps\\softwarepiracy\\functions\\node_modules\\firebase-admin\\lib\\index.js"}} {"metadata":{"emulator":{"name":"functions"},"function":{"name":"us-central1-api"},"message":"[runtime-status] [13316] firebase-admin has been stubbed. {\"adminResolution\":{\"declared\":true,\"installed\":true,\"version\":\"9.9.0\",\"resolution\":\"D:\\\\React Apps\\\\softwarepiracy\\\\functions\\\\node_modules\\\\firebase-admin\\\\lib\\\\index.js\"}}"}}
[debug] [2021-06-15T16:11:22.068Z] [runtime-status] [13316] Trigger "us-central1-api" has been found, beginning invocation! {"metadata":{"emulator":{"name":"functions"},"function":{"name":"us-central1-api"},"message":"[runtime-status] [13316] Trigger \"us-central1-api\" has been found, beginning invocation!"}}
[info] i  functions: Beginning execution of "us-central1-api" {"metadata":{"emulator":{"name":"functions"},"function":{"name":"us-central1-api"},"message":"Beginning execution of \"us-central1-api\""}}
[debug] [2021-06-15T16:11:22.070Z] [runtime-status] [13316] triggerDefinition {"httpsTrigger":{},"name":"api","entryPoint":"api","regions":["us-central1"],"region":"us-central1","id":"us-central1-api"} {"metadata":{"emulator":{"name":"functions"},"function":{"name":"us-central1-api"},"message":"[runtime-status] [13316] triggerDefinition {\"httpsTrigger\":{},\"name\":\"api\",\"entryPoint\":\"api\",\"regions\":[\"us-central1\"],\"region\":\"us-central1\",\"id\":\"us-central1-api\"}"}}
[debug] [2021-06-15T16:11:22.070Z] [runtime-status] [13316] Running us-central1-api in mode HTTPS {"metadata":{"emulator":{"name":"functions"},"function":{"name":"us-central1-api"},"message":"[runtime-status] [13316] Running us-central1-api in mode HTTPS"}}
[debug] [2021-06-15T16:11:22.074Z] [runtime-status] [13316] Attempting to listen to socketPath: \\?\pipe\D:\React Apps\softwarepiracy\functions\13316 {"metadata":{"emulator":{"name":"functions"},"function":{"name":"us-central1-api"},"message":"[runtime-status] [13316] Attempting to listen to socketPath: \\\\?\\pipe\\D:\\React Apps\\softwarepiracy\\functions\\13316"}}
[debug] [2021-06-15T16:11:22.077Z] [functions] Runtime ready! Sending request! {"metadata":{"emulator":{"name":"functions"},"message":"[functions] Runtime ready! Sending request!"}}
[debug] [2021-06-15T16:11:22.078Z] [functions] Got req.url=/softwaresecurityproject-88f88/us-central1/api/payments/create?total=150000, mapping to path=/payments/create?total=150000 {"metadata":{"emulator":{"name":"functions"},"message":"[functions] Got req.url=/softwaresecurityproject-88f88/us-central1/api/payments/create?total=150000, mapping to path=/payments/create?total=150000"}}
[debug] [2021-06-15T16:11:22.087Z] [runtime-status] [13316] Ephemeral server handling POST request {"metadata":{"emulator":{"name":"functions"},"function":{"name":"us-central1-api"},"message":"[runtime-status] [13316] Ephemeral server handling POST request"}}
[info] >  Payment Request Recieved BOOM!!! for this amount >>>  150000 {"user":"Payment Request Recieved BOOM!!! for this amount >>>  150000","metadata":{"emulator":{"name":"functions"},"function":{"name":"us-central1-api"},"message":"\u001b[90m> \u001b[39m Payment Request Recieved BOOM!!! for this amount >>>  150000"}}
[debug] [2021-06-15T16:11:22.101Z] [runtime-status] [13316] Ephemeral server survived. {"metadata":{"emulator":{"name":"functions"},"function":{"name":"us-central1-api"},"message":"[runtime-status] [13316] Ephemeral server survived."}}
[info] i  functions: Finished "us-central1-api" in ~1s {"metadata":{"emulator":{"name":"functions"},"function":{"name":"us-central1-api"},"message":"Finished \"us-central1-api\" in ~1s"}}
[debug] [2021-06-15T16:11:22.692Z] [worker-us-central1-api-58421d8a-4dbb-4050-8386-03f7fd2c056e]: IDLE {"metadata":{"emulator":{"name":"functions"},"message":"[worker-us-central1-api-58421d8a-4dbb-4050-8386-03f7fd2c056e]: IDLE"}}
[debug] [2021-06-15T16:11:22.693Z] [work-queue] {"queueLength":0,"workRunningCount":0}
[debug] [2021-06-15T16:56:54.243Z] Received signal SIGHUP 1
